<ns0:test-suite xmlns:ns0="urn:model.allure.qatools.yandex.ru" start="1638350488050" stop="1638350638649">
  <name>test_audit_team_business</name>
  <labels/>
  <test-cases>
    <test-case start="1638350488050" status="passed" stop="1638350505862">
      <name>TestAddTeam.test_add_team_success[info0]</name>
      <attachments/>
      <labels>
        <label name="severity" value="normal"/>
        <label name="thread" value="85684-MainThread"/>
        <label name="host" value="Win102021FFRUNV"/>
        <label name="framework" value="pytest"/>
        <label name="language" value="cpython3"/>
      </labels>
      <steps>
        <step start="1638350488793" status="passed" stop="1638350488844">
          <name>输入用户名</name>
          <title>输入用户名</title>
          <attachments>
            <attachment source="e8b4ee88-b483-4eb1-aada-0a9f0f872d7d-attachment.txt" title="输入用户名为：" type="text/plain"/>
          </attachments>
          <steps/>
        </step>
        <step start="1638350488844" status="passed" stop="1638350488891">
          <name>输入密码</name>
          <title>输入密码</title>
          <attachments>
            <attachment source="9ce385de-70a6-4b92-b698-754b9e940e6d-attachment.txt" title="输入密码为：" type="text/plain"/>
          </attachments>
          <steps/>
        </step>
        <step start="1638350488891" status="passed" stop="1638350490525">
          <name>点击登录按钮</name>
          <title>点击登录按钮</title>
          <attachments/>
          <steps/>
        </step>
      </steps>
    </test-case>
    <test-case start="1638350505864" status="passed" stop="1638350520615">
      <name>TestAddTeam.test_add_team_fail[info0]</name>
      <attachments/>
      <labels>
        <label name="severity" value="normal"/>
        <label name="thread" value="85684-MainThread"/>
        <label name="host" value="Win102021FFRUNV"/>
        <label name="framework" value="pytest"/>
        <label name="language" value="cpython3"/>
      </labels>
      <steps/>
    </test-case>
    <test-case start="1638350520616" status="passed" stop="1638350535998">
      <name>TestAddTeam.test_add_team_fail[info1]</name>
      <attachments/>
      <labels>
        <label name="severity" value="normal"/>
        <label name="thread" value="85684-MainThread"/>
        <label name="host" value="Win102021FFRUNV"/>
        <label name="framework" value="pytest"/>
        <label name="language" value="cpython3"/>
      </labels>
      <steps/>
    </test-case>
    <test-case start="1638350535999" status="passed" stop="1638350551698">
      <name>TestAddTeam.test_add_team_fail[info2]</name>
      <attachments/>
      <labels>
        <label name="severity" value="normal"/>
        <label name="thread" value="85684-MainThread"/>
        <label name="host" value="Win102021FFRUNV"/>
        <label name="framework" value="pytest"/>
        <label name="language" value="cpython3"/>
      </labels>
      <steps/>
    </test-case>
    <test-case start="1638350551698" status="failed" stop="1638350557297">
      <name>TestAddTeam.test_add_team_fail[info3]</name>
      <failure>
        <message>WebDriverException: Message: unknown error: Element &lt;span&gt;...&lt;/span&gt; is not clickable at point (1220, 325). Other element would receive the click: &lt;div class="el-loading-spinner"&gt;...&lt;/div&gt;
  (Session info: chrome=92.0.4515.107)
  (Driver info: chromedriver=2.38.552522 (437e6fbedfa8762dec75e2c5b3ddb86763dc9dcb),platform=Windows NT 10.0.19041 x86_64)
</message>
        <stack-trace>self = &lt;business.test_add_team_business.TestAddTeam object at 0x000001AEAEE68640&gt;
info = {'team_connecter': '刘小小', 'team_creater': '刘小小', 'team_image': 'C:\\Users\\Administrator\\Desktop\\image\\1.png', 'team_introduce': '团队介绍', ...}

    @pytest.mark.parametrize("info", ActionElement.get_data("add_team_data", "add_team_fail"))
    def test_add_team_fail(self, info):
&gt;       self.add_team_step(info)

business\test_add_team_business.py:77: 
_ _ _ _ _ _ _ _ _ _ _ _ _ _ _ _ _ _ _ _ _ _ _ _ _ _ _ _ _ _ _ _ _ _ _ _ _ _ _ _ _ _ _ _ _ _ _ _ _ _ _ _ _ _ _ _ _ _ _ _ _ _ _ _ _ _ _ _ _ _ _ _ _ _ _ _ _ _ _ _ _ _ _ _ _ _ _ _ _ _ _ _ _ _ _ _ _ _ _ _ _ _ _ _ _ _ _ _ _ _ _ _ _ _ _ _ 
business\test_add_team_business.py:44: in add_team_step
    self.total_handle.init_add_team().tap_team_yunying_choose()
handle\add_team_handle.py:28: in tap_team_yunying_choose
    self.execute_tap(self.get_team_yunying_choose_ele())
base\action.py:32: in execute_tap
    feature.click()
d:\python38\lib\site-packages\selenium-3.141.0-py3.8.egg\selenium\webdriver\remote\webelement.py:80: in click
    self._execute(Command.CLICK_ELEMENT)
d:\python38\lib\site-packages\selenium-3.141.0-py3.8.egg\selenium\webdriver\remote\webelement.py:633: in _execute
    return self._parent.execute(command, params)
d:\python38\lib\site-packages\selenium-3.141.0-py3.8.egg\selenium\webdriver\remote\webdriver.py:321: in execute
    self.error_handler.check_response(response)
_ _ _ _ _ _ _ _ _ _ _ _ _ _ _ _ _ _ _ _ _ _ _ _ _ _ _ _ _ _ _ _ _ _ _ _ _ _ _ _ _ _ _ _ _ _ _ _ _ _ _ _ _ _ _ _ _ _ _ _ _ _ _ _ _ _ _ _ _ _ _ _ _ _ _ _ _ _ _ _ _ _ _ _ _ _ _ _ _ _ _ _ _ _ _ _ _ _ _ _ _ _ _ _ _ _ _ _ _ _ _ _ _ _ _ _ 

self = &lt;selenium.webdriver.remote.errorhandler.ErrorHandler object at 0x000001AEAEDD8BB0&gt;
response = {'sessionId': '3d89e69265d814df7f9eec107f2ef171', 'status': 13, 'value': {'message': 'unknown error: Element &lt;span&gt;......ver info: chromedriver=2.38.552522 (437e6fbedfa8762dec75e2c5b3ddb86763dc9dcb),platform=Windows NT 10.0.19041 x86_64)'}}

    def check_response(self, response):
        """
        Checks that a JSON response from the WebDriver does not have an error.
    
        :Args:
         - response - The JSON response from the WebDriver server as a dictionary
           object.
    
        :Raises: If the response contains an error message.
        """
        status = response.get('status', None)
        if status is None or status == ErrorCode.SUCCESS:
            return
        value = None
        message = response.get("message", "")
        screen = response.get("screen", "")
        stacktrace = None
        if isinstance(status, int):
            value_json = response.get('value', None)
            if value_json and isinstance(value_json, basestring):
                import json
                try:
                    value = json.loads(value_json)
                    if len(value.keys()) == 1:
                        value = value['value']
                    status = value.get('error', None)
                    if status is None:
                        status = value["status"]
                        message = value["value"]
                        if not isinstance(message, basestring):
                            value = message
                            message = message.get('message')
                    else:
                        message = value.get('message', None)
                except ValueError:
                    pass
    
        exception_class = ErrorInResponseException
        if status in ErrorCode.NO_SUCH_ELEMENT:
            exception_class = NoSuchElementException
        elif status in ErrorCode.NO_SUCH_FRAME:
            exception_class = NoSuchFrameException
        elif status in ErrorCode.NO_SUCH_WINDOW:
            exception_class = NoSuchWindowException
        elif status in ErrorCode.STALE_ELEMENT_REFERENCE:
            exception_class = StaleElementReferenceException
        elif status in ErrorCode.ELEMENT_NOT_VISIBLE:
            exception_class = ElementNotVisibleException
        elif status in ErrorCode.INVALID_ELEMENT_STATE:
            exception_class = InvalidElementStateException
        elif status in ErrorCode.INVALID_SELECTOR \
                or status in ErrorCode.INVALID_XPATH_SELECTOR \
                or status in ErrorCode.INVALID_XPATH_SELECTOR_RETURN_TYPER:
            exception_class = InvalidSelectorException
        elif status in ErrorCode.ELEMENT_IS_NOT_SELECTABLE:
            exception_class = ElementNotSelectableException
        elif status in ErrorCode.ELEMENT_NOT_INTERACTABLE:
            exception_class = ElementNotInteractableException
        elif status in ErrorCode.INVALID_COOKIE_DOMAIN:
            exception_class = InvalidCookieDomainException
        elif status in ErrorCode.UNABLE_TO_SET_COOKIE:
            exception_class = UnableToSetCookieException
        elif status in ErrorCode.TIMEOUT:
            exception_class = TimeoutException
        elif status in ErrorCode.SCRIPT_TIMEOUT:
            exception_class = TimeoutException
        elif status in ErrorCode.UNKNOWN_ERROR:
            exception_class = WebDriverException
        elif status in ErrorCode.UNEXPECTED_ALERT_OPEN:
            exception_class = UnexpectedAlertPresentException
        elif status in ErrorCode.NO_ALERT_OPEN:
            exception_class = NoAlertPresentException
        elif status in ErrorCode.IME_NOT_AVAILABLE:
            exception_class = ImeNotAvailableException
        elif status in ErrorCode.IME_ENGINE_ACTIVATION_FAILED:
            exception_class = ImeActivationFailedException
        elif status in ErrorCode.MOVE_TARGET_OUT_OF_BOUNDS:
            exception_class = MoveTargetOutOfBoundsException
        elif status in ErrorCode.JAVASCRIPT_ERROR:
            exception_class = JavascriptException
        elif status in ErrorCode.SESSION_NOT_CREATED:
            exception_class = SessionNotCreatedException
        elif status in ErrorCode.INVALID_ARGUMENT:
            exception_class = InvalidArgumentException
        elif status in ErrorCode.NO_SUCH_COOKIE:
            exception_class = NoSuchCookieException
        elif status in ErrorCode.UNABLE_TO_CAPTURE_SCREEN:
            exception_class = ScreenshotException
        elif status in ErrorCode.ELEMENT_CLICK_INTERCEPTED:
            exception_class = ElementClickInterceptedException
        elif status in ErrorCode.INSECURE_CERTIFICATE:
            exception_class = InsecureCertificateException
        elif status in ErrorCode.INVALID_COORDINATES:
            exception_class = InvalidCoordinatesException
        elif status in ErrorCode.INVALID_SESSION_ID:
            exception_class = InvalidSessionIdException
        elif status in ErrorCode.UNKNOWN_METHOD:
            exception_class = UnknownMethodException
        else:
            exception_class = WebDriverException
        if value == '' or value is None:
            value = response['value']
        if isinstance(value, basestring):
            if exception_class == ErrorInResponseException:
                raise exception_class(response, value)
            raise exception_class(value)
        if message == "" and 'message' in value:
            message = value['message']
    
        screen = None
        if 'screen' in value:
            screen = value['screen']
    
        stacktrace = None
        if 'stackTrace' in value and value['stackTrace']:
            stacktrace = []
            try:
                for frame in value['stackTrace']:
                    line = self._value_or_default(frame, 'lineNumber', '')
                    file = self._value_or_default(frame, 'fileName', '&lt;anonymous&gt;')
                    if line:
                        file = "%s:%s" % (file, line)
                    meth = self._value_or_default(frame, 'methodName', '&lt;anonymous&gt;')
                    if 'className' in frame:
                        meth = "%s.%s" % (frame['className'], meth)
                    msg = "    at %s (%s)"
                    msg = msg % (meth, file)
                    stacktrace.append(msg)
            except TypeError:
                pass
        if exception_class == ErrorInResponseException:
            raise exception_class(response, message)
        elif exception_class == UnexpectedAlertPresentException:
            alert_text = None
            if 'data' in value:
                alert_text = value['data'].get('text')
            elif 'alert' in value:
                alert_text = value['alert'].get('text')
            raise exception_class(message, screen, stacktrace, alert_text)
&gt;       raise exception_class(message, screen, stacktrace)
E       selenium.common.exceptions.WebDriverException: Message: unknown error: Element &lt;span&gt;...&lt;/span&gt; is not clickable at point (1220, 325). Other element would receive the click: &lt;div class="el-loading-spinner"&gt;...&lt;/div&gt;
E         (Session info: chrome=92.0.4515.107)
E         (Driver info: chromedriver=2.38.552522 (437e6fbedfa8762dec75e2c5b3ddb86763dc9dcb),platform=Windows NT 10.0.19041 x86_64)

d:\python38\lib\site-packages\selenium-3.141.0-py3.8.egg\selenium\webdriver\remote\errorhandler.py:242: WebDriverException</stack-trace>
      </failure>
      <attachments/>
      <labels>
        <label name="severity" value="normal"/>
        <label name="thread" value="85684-MainThread"/>
        <label name="host" value="Win102021FFRUNV"/>
        <label name="framework" value="pytest"/>
        <label name="language" value="cpython3"/>
      </labels>
      <steps/>
    </test-case>
    <test-case start="1638350557298" status="passed" stop="1638350575896">
      <name>TestAddTeam.test_add_team_fail[info4]</name>
      <attachments/>
      <labels>
        <label name="severity" value="normal"/>
        <label name="thread" value="85684-MainThread"/>
        <label name="host" value="Win102021FFRUNV"/>
        <label name="framework" value="pytest"/>
        <label name="language" value="cpython3"/>
      </labels>
      <steps/>
    </test-case>
    <test-case start="1638350575896" status="passed" stop="1638350591123">
      <name>TestAddTeam.test_add_team_fail[info5]</name>
      <attachments/>
      <labels>
        <label name="severity" value="normal"/>
        <label name="thread" value="85684-MainThread"/>
        <label name="host" value="Win102021FFRUNV"/>
        <label name="framework" value="pytest"/>
        <label name="language" value="cpython3"/>
      </labels>
      <steps/>
    </test-case>
    <test-case start="1638350591124" status="passed" stop="1638350618671">
      <name>TestAddTeam.test_add_team_fail[info6]</name>
      <attachments/>
      <labels>
        <label name="severity" value="normal"/>
        <label name="thread" value="85684-MainThread"/>
        <label name="host" value="Win102021FFRUNV"/>
        <label name="framework" value="pytest"/>
        <label name="language" value="cpython3"/>
      </labels>
      <steps/>
    </test-case>
    <test-case start="1638350622808" status="canceled" stop="1638350622809">
      <name>TestAuditTeam.test_audit_team_pass</name>
      <failure>
        <message>Skipped: unconditional skip</message>
        <stack-trace></stack-trace>
      </failure>
      <attachments/>
      <labels>
        <label name="severity" value="normal"/>
        <label name="thread" value="85684-MainThread"/>
        <label name="host" value="Win102021FFRUNV"/>
        <label name="framework" value="pytest"/>
        <label name="language" value="cpython3"/>
      </labels>
      <steps/>
    </test-case>
    <test-case start="1638350622809" status="passed" stop="1638350638649">
      <name>TestAuditTeam.test_audit_team_fail</name>
      <attachments/>
      <labels>
        <label name="severity" value="normal"/>
        <label name="thread" value="85684-MainThread"/>
        <label name="host" value="Win102021FFRUNV"/>
        <label name="framework" value="pytest"/>
        <label name="language" value="cpython3"/>
      </labels>
      <steps>
        <step start="1638350631190" status="passed" stop="1638350631238">
          <name>输入用户名</name>
          <title>输入用户名</title>
          <attachments>
            <attachment source="9e3fc2e5-42ef-42ef-a0d4-dd6985204fa1-attachment.txt" title="输入用户名为：" type="text/plain"/>
          </attachments>
          <steps/>
        </step>
        <step start="1638350631238" status="passed" stop="1638350631276">
          <name>输入密码</name>
          <title>输入密码</title>
          <attachments>
            <attachment source="8a479770-4ee3-49a9-a08c-d0b21b93c983-attachment.txt" title="输入密码为：" type="text/plain"/>
          </attachments>
          <steps/>
        </step>
        <step start="1638350631276" status="passed" stop="1638350634897">
          <name>点击登录按钮</name>
          <title>点击登录按钮</title>
          <attachments/>
          <steps/>
        </step>
      </steps>
    </test-case>
  </test-cases>
</ns0:test-suite>
